[0922/120929.038:ERROR:process_memory_win.cc(73)] ReadMemory at 0x7ff65bd30000 of 64 bytes failed: Запрос ReadProcessMemory или WriteProcessMemory был выполнен только частично. (0x12B)
[0922/120929.038:WARNING:pe_image_reader.cc(340)] could not read dos header from C:\Program Files (x86)\Google\Chrome\Application\chrome.exe
[0922/120929.038:ERROR:process_memory_win.cc(73)] ReadMemory at 0x7ff871ee0000 of 64 bytes failed: Запрос ReadProcessMemory или WriteProcessMemory был выполнен только частично. (0x12B)
[0922/120929.038:WARNING:pe_image_reader.cc(340)] could not read dos header from C:\WINDOWS\SYSTEM32\ntdll.dll
[0922/120929.038:ERROR:process_memory_win.cc(73)] ReadMemory at 0x7ff871060000 of 64 bytes failed: Запрос ReadProcessMemory или WriteProcessMemory был выполнен только частично. (0x12B)
[0922/120929.051:WARNING:pe_image_reader.cc(340)] could not read dos header from C:\WINDOWS\System32\KERNEL32.DLL
[0922/120929.051:ERROR:process_memory_win.cc(73)] ReadMemory at 0x7ff86f990000 of 64 bytes failed: Запрос ReadProcessMemory или WriteProcessMemory был выполнен только частично. (0x12B)
[0922/120929.051:WARNING:pe_image_reader.cc(340)] could not read dos header from C:\WINDOWS\System32\KERNELBASE.dll
[0922/120929.051:ERROR:process_memory_win.cc(73)] ReadMemory at 0x7ff847a80000 of 64 bytes failed: Запрос ReadProcessMemory или WriteProcessMemory был выполнен только частично. (0x12B)
[0922/120929.051:WARNING:pe_image_reader.cc(340)] could not read dos header from C:\Program Files (x86)\Google\Chrome\Application\85.0.4183.102\chrome_elf.dll
[0922/120929.051:ERROR:process_memory_win.cc(73)] ReadMemory at 0x7ff863c00000 of 64 bytes failed: Запрос ReadProcessMemory или WriteProcessMemory был выполнен только частично. (0x12B)
[0922/120929.051:WARNING:pe_image_reader.cc(340)] could not read dos header from C:\WINDOWS\SYSTEM32\VERSION.dll
[0922/120929.051:ERROR:process_memory_win.cc(73)] ReadMemory at 0x7ff86fff0000 of 64 bytes failed: Запрос ReadProcessMemory или WriteProcessMemory был выполнен только частично. (0x12B)
[0922/120929.051:WARNING:pe_image_reader.cc(340)] could not read dos header from C:\WINDOWS\System32\msvcrt.dll
[0922/120929.051:ERROR:process_memory_win.cc(73)] ReadMemory at 0x7ff86f770000 of 64 bytes failed: Запрос ReadProcessMemory или WriteProcessMemory был выполнен только частично. (0x12B)
[0922/120929.051:WARNING:pe_image_reader.cc(340)] could not read dos header from C:\WINDOWS\System32\bcryptPrimitives.dll
[0922/120929.052:ERROR:process_memory_win.cc(73)] ReadMemory at 0x7ff870090000 of 64 bytes failed: Запрос ReadProcessMemory или WriteProcessMemory был выполнен только частично. (0x12B)
[0922/120929.052:WARNING:pe_image_reader.cc(340)] could not read dos header from C:\WINDOWS\System32\ADVAPI32.dll
[0922/120929.052:ERROR:process_memory_win.cc(73)] ReadMemory at 0x7ff871810000 of 64 bytes failed: Запрос ReadProcessMemory или WriteProcessMemory был выполнен только частично. (0x12B)
[0922/120929.052:WARNING:pe_image_reader.cc(340)] could not read dos header from C:\WINDOWS\System32\sechost.dll
[0922/120929.052:ERROR:process_memory_win.cc(73)] ReadMemory at 0x7ff870510000 of 64 bytes failed: Запрос ReadProcessMemory или WriteProcessMemory был выполнен только частично. (0x12B)
[0922/120929.052:WARNING:pe_image_reader.cc(340)] could not read dos header from C:\WINDOWS\System32\RPCRT4.dll
[0922/120929.052:ERROR:process_memory_win.cc(73)] ReadMemory at 0x7ffff21e0000 of 64 bytes failed: Запрос ReadProcessMemory или WriteProcessMemory был выполнен только частично. (0x12B)
[0922/120929.052:WARNING:pe_image_reader.cc(340)] could not read dos header from C:\Program Files (x86)\Google\Chrome\Application\85.0.4183.102\chrome.dll
[0922/120929.052:ERROR:process_memory_win.cc(73)] ReadMemory at 0x7ff8711b0000 of 64 bytes failed: Запрос ReadProcessMemory или WriteProcessMemory был выполнен только частично. (0x12B)
[0922/120929.052:WARNING:pe_image_reader.cc(340)] could not read dos header from C:\WINDOWS\System32\WS2_32.dll
[0922/120929.052:ERROR:process_memory_win.cc(73)] ReadMemory at 0x7ff8703a0000 of 64 bytes failed: Запрос ReadProcessMemory или WriteProcessMemory был выполнен только частично. (0x12B)
[0922/120929.052:WARNING:pe_image_reader.cc(340)] could not read dos header from C:\WINDOWS\System32\OLEAUT32.dll
[0922/120929.052:ERROR:process_memory_win.cc(73)] ReadMemory at 0x7ff86ee70000 of 64 bytes failed: Запрос ReadProcessMemory или WriteProcessMemory был выполнен только частично. (0x12B)
[0922/120929.052:WARNING:pe_image_reader.cc(340)] could not read dos header from C:\WINDOWS\System32\msvcp_win.dll
[0922/120929.052:ERROR:process_memory_win.cc(73)] ReadMemory at 0x7ff86fe90000 of 64 bytes failed: Запрос ReadProcessMemory или WriteProcessMemory был выполнен только частично. (0x12B)
[0922/120929.052:WARNING:pe_image_reader.cc(340)] could not read dos header from C:\WINDOWS\System32\ucrtbase.dll
[0922/120929.052:ERROR:process_memory_win.cc(73)] ReadMemory at 0x7ff8714b0000 of 64 bytes failed: Запрос ReadProcessMemory или WriteProcessMemory был выполнен только частично. (0x12B)
[0922/120929.052:WARNING:pe_image_reader.cc(340)] could not read dos header from C:\WINDOWS\System32\combase.dll
[0922/120929.052:ERROR:process_memory_win.cc(73)] ReadMemory at 0x7ff86fc70000 of 64 bytes failed: Запрос ReadProcessMemory или WriteProcessMemory был выполнен только частично. (0x12B)
[0922/120929.052:WARNING:pe_image_reader.cc(340)] could not read dos header from C:\WINDOWS\System32\WINTRUST.dll
[0922/120929.052:ERROR:process_memory_win.cc(73)] ReadMemory at 0x7ff86edb0000 of 64 bytes failed: Запрос ReadProcessMemory или WriteProcessMemory был выполнен только частично. (0x12B)
[0922/120929.052:WARNING:pe_image_reader.cc(340)] could not read dos header from C:\WINDOWS\System32\MSASN1.dll
[0922/120929.052:ERROR:process_memory_win.cc(73)] ReadMemory at 0x7ff86fcd0000 of 64 bytes failed: Запрос ReadProcessMemory или WriteProcessMemory был выполнен только частично. (0x12B)
[0922/120929.052:WARNING:pe_image_reader.cc(340)] could not read dos header from C:\WINDOWS\System32\CRYPT32.dll
[0922/120929.052:ERROR:process_memory_win.cc(73)] ReadMemory at 0x7ff86e300000 of 64 bytes failed: Запрос ReadProcessMemory или WriteProcessMemory был выполнен только частично. (0x12B)
[0922/120929.052:WARNING:pe_image_reader.cc(340)] could not read dos header from C:\WINDOWS\SYSTEM32\IPHLPAPI.DLL
[0922/120929.052:ERROR:process_memory_win.cc(73)] ReadMemory at 0x7ff86b790000 of 64 bytes failed: Запрос ReadProcessMemory или WriteProcessMemory был выполнен только частично. (0x12B)
[0922/120929.052:WARNING:pe_image_reader.cc(340)] could not read dos header from C:\WINDOWS\SYSTEM32\WINMM.dll
[0922/120929.052:ERROR:process_memory_win.cc(73)] ReadMemory at 0x7ff847f20000 of 64 bytes failed: Запрос ReadProcessMemory или WriteProcessMemory был выполнен только частично. (0x12B)
[0922/120929.052:WARNING:pe_image_reader.cc(340)] could not read dos header from C:\WINDOWS\SYSTEM32\UIAutomationCore.DLL
[0922/120929.052:ERROR:process_memory_win.cc(73)] ReadMemory at 0x7ff8596a0000 of 64 bytes failed: Запрос ReadProcessMemory или WriteProcessMemory был выполнен только частично. (0x12B)
[0922/120929.052:WARNING:pe_image_reader.cc(340)] could not read dos header from C:\WINDOWS\SYSTEM32\Secur32.dll
[0922/120929.052:ERROR:process_memory_win.cc(73)] ReadMemory at 0x7ff86ecc0000 of 64 bytes failed: Запрос ReadProcessMemory или WriteProcessMemory был выполнен только частично. (0x12B)
[0922/120929.052:WARNING:pe_image_reader.cc(340)] could not read dos header from C:\WINDOWS\SYSTEM32\USERENV.dll
[0922/120929.052:ERROR:process_memory_win.cc(73)] ReadMemory at 0x7ff86edd0000 of 64 bytes failed: Запрос ReadProcessMemory или WriteProcessMemory был выполнен только частично. (0x12B)
[0922/120929.052:WARNING:pe_image_reader.cc(340)] could not read dos header from C:\WINDOWS\System32\profapi.dll
[0922/120929.052:ERROR:process_memory_win.cc(73)] ReadMemory at 0x7ff84d250000 of 64 bytes failed: Запрос ReadProcessMemory или WriteProcessMemory был выполнен только частично. (0x12B)
[0922/120929.052:WARNING:pe_image_reader.cc(340)] could not read dos header from C:\WINDOWS\SYSTEM32\DWrite.dll
[0922/120929.052:ERROR:process_memory_win.cc(73)] ReadMemory at 0x7ff861a60000 of 64 bytes failed: Запрос ReadProcessMemory или WriteProcessMemory был выполнен только частично. (0x12B)
[0922/120929.052:WARNING:pe_image_reader.cc(340)] could not read dos header from C:\WINDOWS\SYSTEM32\WINSPOOL.DRV
[0922/120929.052:ERROR:process_memory_win.cc(73)] ReadMemory at 0x7ff86ee00000 of 64 bytes failed: Запрос ReadProcessMemory или WriteProcessMemory был выполнен только частично. (0x12B)
[0922/120929.052:WARNING:pe_image_reader.cc(340)] could not read dos header from C:\WINDOWS\System32\kernel.appcore.dll
[0922/120929.052:ERROR:process_memory_win.cc(73)] ReadMemory at 0x7ff86fc40000 of 64 bytes failed: Запрос ReadProcessMemory или WriteProcessMemory был выполнен только частично. (0x12B)
[0922/120929.052:WARNING:pe_image_reader.cc(340)] could not read dos header from C:\WINDOWS\System32\bcrypt.dll
[0922/120929.052:ERROR:process_memory_win.cc(73)] ReadMemory at 0x7ff8594a0000 of 64 bytes failed: Запрос ReadProcessMemory или WriteProcessMemory был выполнен только частично. (0x12B)
[0922/120929.052:WARNING:pe_image_reader.cc(340)] could not read dos header from C:\WINDOWS\SYSTEM32\dbghelp.dll
[0922/120929.052:ERROR:process_memory_win.cc(73)] ReadMemory at 0x7ff8639f0000 of 64 bytes failed: Запрос ReadProcessMemory или WriteProcessMemory был выполнен только частично. (0x12B)
[0922/120929.052:WARNING:pe_image_reader.cc(340)] could not read dos header from C:\WINDOWS\SYSTEM32\WINHTTP.dll
[0922/120929.052:ERROR:process_memory_win.cc(73)] ReadMemory at 0x7ff863940000 of 64 bytes failed: Запрос ReadProcessMemory или WriteProcessMemory был выполнен только частично. (0x12B)
[0922/120929.052:WARNING:pe_image_reader.cc(340)] could not read dos header from C:\WINDOWS\SYSTEM32\dhcpcsvc.DLL
[0922/120929.052:ERROR:process_memory_win.cc(73)] ReadMemory at 0x7ff8711a0000 of 64 bytes failed: Запрос ReadProcessMemory или WriteProcessMemory был выполнен только частично. (0x12B)
[0922/120929.052:WARNING:pe_image_reader.cc(340)] could not read dos header from C:\WINDOWS\System32\NSI.dll
[0922/120929.052:ERROR:process_memory_win.cc(73)] ReadMemory at 0x7ff86b760000 of 64 bytes failed: Запрос ReadProcessMemory или WriteProcessMemory был выполнен только частично. (0x12B)
[0922/120929.052:WARNING:pe_image_reader.cc(340)] could not read dos header from C:\WINDOWS\SYSTEM32\WINMMBASE.dll
[0922/120929.052:ERROR:process_memory_win.cc(73)] ReadMemory at 0x7ff86fe20000 of 64 bytes failed: Запрос ReadProcessMemory или WriteProcessMemory был выполнен только частично. (0x12B)
[0922/120929.052:WARNING:pe_image_reader.cc(340)] could not read dos header from C:\WINDOWS\System32\cfgmgr32.dll
[0922/120929.052:ERROR:process_memory_win.cc(73)] ReadMemory at 0x7ff86b490000 of 64 bytes failed: Запрос ReadProcessMemory или WriteProcessMemory был выполнен только частично. (0x12B)
[0922/120929.052:WARNING:pe_image_reader.cc(340)] could not read dos header from C:\WINDOWS\SYSTEM32\PROPSYS.dll
[0922/120929.052:ERROR:process_memory_win.cc(73)] ReadMemory at 0x7ff871df0000 of 64 bytes failed: Запрос ReadProcessMemory или WriteProcessMemory был выполнен только частично. (0x12B)
[0922/120929.052:WARNING:pe_image_reader.cc(340)] could not read dos header from C:\WINDOWS\System32\shcore.dll
[0922/120929.052:ERROR:process_memory_win.cc(73)] ReadMemory at 0x7ff86ec80000 of 64 bytes failed: Запрос ReadProcessMemory или WriteProcessMemory был выполнен только частично. (0x12B)
[0922/120929.052:WARNING:pe_image_reader.cc(340)] could not read dos header from C:\WINDOWS\SYSTEM32\SSPICLI.DLL
[0922/120929.052:ERROR:process_memory_win.cc(73)] ReadMemory at 0x7ff86e7c0000 of 64 bytes failed: Запрос ReadProcessMemory или WriteProcessMemory был выполнен только частично. (0x12B)
[0922/120929.052:WARNING:pe_image_reader.cc(340)] could not read dos header from C:\WINDOWS\SYSTEM32\CRYPTBASE.DLL
[0922/120929.060:ERROR:process_memory_win.cc(73)] ReadMemory at 0x7ff65bd30000 of 64 bytes failed: Запрос ReadProcessMemory или WriteProcessMemory был выполнен только частично. (0x12B)
[0922/120929.060:WARNING:pe_image_reader.cc(340)] could not read dos header from C:\Program Files (x86)\Google\Chrome\Application\chrome.exe
[0922/120929.060:ERROR:process_memory_win.cc(73)] ReadMemory at 0x7ff871ee0000 of 64 bytes failed: Запрос ReadProcessMemory или WriteProcessMemory был выполнен только частично. (0x12B)
[0922/120929.060:WARNING:pe_image_reader.cc(340)] could not read dos header from C:\WINDOWS\SYSTEM32\ntdll.dll
[0922/120929.060:ERROR:process_memory_win.cc(73)] ReadMemory at 0x7ff871060000 of 64 bytes failed: Запрос ReadProcessMemory или WriteProcessMemory был выполнен только частично. (0x12B)
[0922/120929.060:WARNING:pe_image_reader.cc(340)] could not read dos header from C:\WINDOWS\System32\KERNEL32.DLL
[0922/120929.060:ERROR:process_memory_win.cc(73)] ReadMemory at 0x7ff86f990000 of 64 bytes failed: Запрос ReadProcessMemory или WriteProcessMemory был выполнен только частично. (0x12B)
[0922/120929.060:WARNING:pe_image_reader.cc(340)] could not read dos header from C:\WINDOWS\System32\KERNELBASE.dll
[0922/120929.060:ERROR:process_memory_win.cc(73)] ReadMemory at 0x7ff847a80000 of 64 bytes failed: Запрос ReadProcessMemory или WriteProcessMemory был выполнен только частично. (0x12B)
[0922/120929.060:WARNING:pe_image_reader.cc(340)] could not read dos header from C:\Program Files (x86)\Google\Chrome\Application\85.0.4183.102\chrome_elf.dll
[0922/120929.060:ERROR:process_memory_win.cc(73)] ReadMemory at 0x7ff863c00000 of 64 bytes failed: Запрос ReadProcessMemory или WriteProcessMemory был выполнен только частично. (0x12B)
[0922/120929.061:WARNING:pe_image_reader.cc(340)] could not read dos header from C:\WINDOWS\SYSTEM32\VERSION.dll
[0922/120929.061:ERROR:process_memory_win.cc(73)] ReadMemory at 0x7ff86fff0000 of 64 bytes failed: Запрос ReadProcessMemory или WriteProcessMemory был выполнен только частично. (0x12B)
[0922/120929.061:WARNING:pe_image_reader.cc(340)] could not read dos header from C:\WINDOWS\System32\msvcrt.dll
[0922/120929.061:ERROR:process_memory_win.cc(73)] ReadMemory at 0x7ff86f770000 of 64 bytes failed: Запрос ReadProcessMemory или WriteProcessMemory был выполнен только частично. (0x12B)
[0922/120929.061:WARNING:pe_image_reader.cc(340)] could not read dos header from C:\WINDOWS\System32\bcryptPrimitives.dll
[0922/120929.061:ERROR:process_memory_win.cc(73)] ReadMemory at 0x7ff870090000 of 64 bytes failed: Запрос ReadProcessMemory или WriteProcessMemory был выполнен только частично. (0x12B)
[0922/120929.061:WARNING:pe_image_reader.cc(340)] could not read dos header from C:\WINDOWS\System32\ADVAPI32.dll
[0922/120929.061:ERROR:process_memory_win.cc(73)] ReadMemory at 0x7ff871810000 of 64 bytes failed: Запрос ReadProcessMemory или WriteProcessMemory был выполнен только частично. (0x12B)
[0922/120929.061:WARNING:pe_image_reader.cc(340)] could not read dos header from C:\WINDOWS\System32\sechost.dll
[0922/120929.061:ERROR:process_memory_win.cc(73)] ReadMemory at 0x7ff870510000 of 64 bytes failed: Запрос ReadProcessMemory или WriteProcessMemory был выполнен только частично. (0x12B)
[0922/120929.061:WARNING:pe_image_reader.cc(340)] could not read dos header from C:\WINDOWS\System32\RPCRT4.dll
[0922/120929.061:ERROR:process_memory_win.cc(73)] ReadMemory at 0x7ffff21e0000 of 64 bytes failed: Запрос ReadProcessMemory или WriteProcessMemory был выполнен только частично. (0x12B)
[0922/120929.061:WARNING:pe_image_reader.cc(340)] could not read dos header from C:\Program Files (x86)\Google\Chrome\Application\85.0.4183.102\chrome.dll
[0922/120929.061:ERROR:process_memory_win.cc(73)] ReadMemory at 0x7ff8711b0000 of 64 bytes failed: Запрос ReadProcessMemory или WriteProcessMemory был выполнен только частично. (0x12B)
[0922/120929.061:WARNING:pe_image_reader.cc(340)] could not read dos header from C:\WINDOWS\System32\WS2_32.dll
[0922/120929.061:ERROR:process_memory_win.cc(73)] ReadMemory at 0x7ff8703a0000 of 64 bytes failed: Запрос ReadProcessMemory или WriteProcessMemory был выполнен только частично. (0x12B)
[0922/120929.061:WARNING:pe_image_reader.cc(340)] could not read dos header from C:\WINDOWS\System32\OLEAUT32.dll
[0922/120929.061:ERROR:process_memory_win.cc(73)] ReadMemory at 0x7ff86ee70000 of 64 bytes failed: Запрос ReadProcessMemory или WriteProcessMemory был выполнен только частично. (0x12B)
[0922/120929.062:WARNING:pe_image_reader.cc(340)] could not read dos header from C:\WINDOWS\System32\msvcp_win.dll
[0922/120929.062:ERROR:process_memory_win.cc(73)] ReadMemory at 0x7ff86fe90000 of 64 bytes failed: Запрос ReadProcessMemory или WriteProcessMemory был выполнен только частично. (0x12B)
[0922/120929.062:WARNING:pe_image_reader.cc(340)] could not read dos header from C:\WINDOWS\System32\ucrtbase.dll
[0922/120929.062:ERROR:process_memory_win.cc(73)] ReadMemory at 0x7ff8714b0000 of 64 bytes failed: Запрос ReadProcessMemory или WriteProcessMemory был выполнен только частично. (0x12B)
[0922/120929.062:WARNING:pe_image_reader.cc(340)] could not read dos header from C:\WINDOWS\System32\combase.dll
[0922/120929.062:ERROR:process_memory_win.cc(73)] ReadMemory at 0x7ff86fc70000 of 64 bytes failed: Запрос ReadProcessMemory или WriteProcessMemory был выполнен только частично. (0x12B)
[0922/120929.062:WARNING:pe_image_reader.cc(340)] could not read dos header from C:\WINDOWS\System32\WINTRUST.dll
[0922/120929.062:ERROR:process_memory_win.cc(73)] ReadMemory at 0x7ff86edb0000 of 64 bytes failed: Запрос ReadProcessMemory или WriteProcessMemory был выполнен только частично. (0x12B)
[0922/120929.062:WARNING:pe_image_reader.cc(340)] could not read dos header from C:\WINDOWS\System32\MSASN1.dll
[0922/120929.062:ERROR:process_memory_win.cc(73)] ReadMemory at 0x7ff86fcd0000 of 64 bytes failed: Запрос ReadProcessMemory или WriteProcessMemory был выполнен только частично. (0x12B)
[0922/120929.062:WARNING:pe_image_reader.cc(340)] could not read dos header from C:\WINDOWS\System32\CRYPT32.dll
[0922/120929.062:ERROR:process_memory_win.cc(73)] ReadMemory at 0x7ff86e300000 of 64 bytes failed: Запрос ReadProcessMemory или WriteProcessMemory был выполнен только частично. (0x12B)
[0922/120929.062:WARNING:pe_image_reader.cc(340)] could not read dos header from C:\WINDOWS\SYSTEM32\IPHLPAPI.DLL
[0922/120929.062:ERROR:process_memory_win.cc(73)] ReadMemory at 0x7ff86b790000 of 64 bytes failed: Запрос ReadProcessMemory или WriteProcessMemory был выполнен только частично. (0x12B)
[0922/120929.062:WARNING:pe_image_reader.cc(340)] could not read dos header from C:\WINDOWS\SYSTEM32\WINMM.dll
[0922/120929.062:ERROR:process_memory_win.cc(73)] ReadMemory at 0x7ff847f20000 of 64 bytes failed: Запрос ReadProcessMemory или WriteProcessMemory был выполнен только частично. (0x12B)
[0922/120929.062:WARNING:pe_image_reader.cc(340)] could not read dos header from C:\WINDOWS\SYSTEM32\UIAutomationCore.DLL
[0922/120929.062:ERROR:process_memory_win.cc(73)] ReadMemory at 0x7ff8596a0000 of 64 bytes failed: Запрос ReadProcessMemory или WriteProcessMemory был выполнен только частично. (0x12B)
[0922/120929.062:WARNING:pe_image_reader.cc(340)] could not read dos header from C:\WINDOWS\SYSTEM32\Secur32.dll
[0922/120929.062:ERROR:process_memory_win.cc(73)] ReadMemory at 0x7ff86ecc0000 of 64 bytes failed: Запрос ReadProcessMemory или WriteProcessMemory был выполнен только частично. (0x12B)
[0922/120929.062:WARNING:pe_image_reader.cc(340)] could not read dos header from C:\WINDOWS\SYSTEM32\USERENV.dll
[0922/120929.062:ERROR:process_memory_win.cc(73)] ReadMemory at 0x7ff86edd0000 of 64 bytes failed: Запрос ReadProcessMemory или WriteProcessMemory был выполнен только частично. (0x12B)
[0922/120929.063:WARNING:pe_image_reader.cc(340)] could not read dos header from C:\WINDOWS\System32\profapi.dll
[0922/120929.063:ERROR:process_memory_win.cc(73)] ReadMemory at 0x7ff84d250000 of 64 bytes failed: Запрос ReadProcessMemory или WriteProcessMemory был выполнен только частично. (0x12B)
[0922/120929.063:WARNING:pe_image_reader.cc(340)] could not read dos header from C:\WINDOWS\SYSTEM32\DWrite.dll
[0922/120929.063:ERROR:process_memory_win.cc(73)] ReadMemory at 0x7ff861a60000 of 64 bytes failed: Запрос ReadProcessMemory или WriteProcessMemory был выполнен только частично. (0x12B)
[0922/120929.063:WARNING:pe_image_reader.cc(340)] could not read dos header from C:\WINDOWS\SYSTEM32\WINSPOOL.DRV
[0922/120929.063:ERROR:process_memory_win.cc(73)] ReadMemory at 0x7ff86ee00000 of 64 bytes failed: Запрос ReadProcessMemory или WriteProcessMemory был выполнен только частично. (0x12B)
[0922/120929.063:WARNING:pe_image_reader.cc(340)] could not read dos header from C:\WINDOWS\System32\kernel.appcore.dll
[0922/120929.063:ERROR:process_memory_win.cc(73)] ReadMemory at 0x7ff86fc40000 of 64 bytes failed: Запрос ReadProcessMemory или WriteProcessMemory был выполнен только частично. (0x12B)
[0922/120929.063:WARNING:pe_image_reader.cc(340)] could not read dos header from C:\WINDOWS\System32\bcrypt.dll
[0922/120929.063:ERROR:process_memory_win.cc(73)] ReadMemory at 0x7ff8594a0000 of 64 bytes failed: Запрос ReadProcessMemory или WriteProcessMemory был выполнен только частично. (0x12B)
[0922/120929.063:WARNING:pe_image_reader.cc(340)] could not read dos header from C:\WINDOWS\SYSTEM32\dbghelp.dll
[0922/120929.063:ERROR:process_memory_win.cc(73)] ReadMemory at 0x7ff8639f0000 of 64 bytes failed: Запрос ReadProcessMemory или WriteProcessMemory был выполнен только частично. (0x12B)
[0922/120929.063:WARNING:pe_image_reader.cc(340)] could not read dos header from C:\WINDOWS\SYSTEM32\WINHTTP.dll
[0922/120929.063:ERROR:process_memory_win.cc(73)] ReadMemory at 0x7ff863940000 of 64 bytes failed: Запрос ReadProcessMemory или WriteProcessMemory был выполнен только частично. (0x12B)
[0922/120929.063:WARNING:pe_image_reader.cc(340)] could not read dos header from C:\WINDOWS\SYSTEM32\dhcpcsvc.DLL
[0922/120929.063:ERROR:process_memory_win.cc(73)] ReadMemory at 0x7ff8711a0000 of 64 bytes failed: Запрос ReadProcessMemory или WriteProcessMemory был выполнен только частично. (0x12B)
[0922/120929.063:WARNING:pe_image_reader.cc(340)] could not read dos header from C:\WINDOWS\System32\NSI.dll
[0922/120929.063:ERROR:process_memory_win.cc(73)] ReadMemory at 0x7ff86b760000 of 64 bytes failed: Запрос ReadProcessMemory или WriteProcessMemory был выполнен только частично. (0x12B)
[0922/120929.063:WARNING:pe_image_reader.cc(340)] could not read dos header from C:\WINDOWS\SYSTEM32\WINMMBASE.dll
[0922/120929.063:ERROR:process_memory_win.cc(73)] ReadMemory at 0x7ff86fe20000 of 64 bytes failed: Запрос ReadProcessMemory или WriteProcessMemory был выполнен только частично. (0x12B)
[0922/120929.065:WARNING:pe_image_reader.cc(340)] could not read dos header from C:\WINDOWS\System32\cfgmgr32.dll
[0922/120929.065:ERROR:process_memory_win.cc(73)] ReadMemory at 0x7ff86b490000 of 64 bytes failed: Запрос ReadProcessMemory или WriteProcessMemory был выполнен только частично. (0x12B)
[0922/120929.065:WARNING:pe_image_reader.cc(340)] could not read dos header from C:\WINDOWS\SYSTEM32\PROPSYS.dll
[0922/120929.065:ERROR:process_memory_win.cc(73)] ReadMemory at 0x7ff871df0000 of 64 bytes failed: Запрос ReadProcessMemory или WriteProcessMemory был выполнен только частично. (0x12B)
[0922/120929.065:WARNING:pe_image_reader.cc(340)] could not read dos header from C:\WINDOWS\System32\shcore.dll
[0922/120929.065:ERROR:process_memory_win.cc(73)] ReadMemory at 0x7ff86ec80000 of 64 bytes failed: Запрос ReadProcessMemory или WriteProcessMemory был выполнен только частично. (0x12B)
[0922/120929.065:WARNING:pe_image_reader.cc(340)] could not read dos header from C:\WINDOWS\SYSTEM32\SSPICLI.DLL
[0922/120929.065:ERROR:process_memory_win.cc(73)] ReadMemory at 0x7ff86e7c0000 of 64 bytes failed: Запрос ReadProcessMemory или WriteProcessMemory был выполнен только частично. (0x12B)
[0922/120929.065:WARNING:pe_image_reader.cc(340)] could not read dos header from C:\WINDOWS\SYSTEM32\CRYPTBASE.DLL
[0922/120929.065:ERROR:process_memory_win.cc(73)] ReadMemory at 0x7ff65bd30000 of 64 bytes failed: Запрос ReadProcessMemory или WriteProcessMemory был выполнен только частично. (0x12B)
[0922/120929.065:WARNING:pe_image_reader.cc(340)] could not read dos header from C:\Program Files (x86)\Google\Chrome\Application\chrome.exe
[0922/120929.065:ERROR:process_memory_win.cc(73)] ReadMemory at 0x7ff871ee0000 of 64 bytes failed: Запрос ReadProcessMemory или WriteProcessMemory был выполнен только частично. (0x12B)
[0922/120929.065:WARNING:pe_image_reader.cc(340)] could not read dos header from C:\WINDOWS\SYSTEM32\ntdll.dll
[0922/120929.065:ERROR:process_memory_win.cc(73)] ReadMemory at 0x7ff871060000 of 64 bytes failed: Запрос ReadProcessMemory или WriteProcessMemory был выполнен только частично. (0x12B)
[0922/120929.065:WARNING:pe_image_reader.cc(340)] could not read dos header from C:\WINDOWS\System32\KERNEL32.DLL
[0922/120929.066:ERROR:process_memory_win.cc(73)] ReadMemory at 0x7ff86f990000 of 64 bytes failed: Запрос ReadProcessMemory или WriteProcessMemory был выполнен только частично. (0x12B)
[0922/120929.066:WARNING:pe_image_reader.cc(340)] could not read dos header from C:\WINDOWS\System32\KERNELBASE.dll
[0922/120929.066:ERROR:process_memory_win.cc(73)] ReadMemory at 0x7ff847a80000 of 64 bytes failed: Запрос ReadProcessMemory или WriteProcessMemory был выполнен только частично. (0x12B)
[0922/120929.066:WARNING:pe_image_reader.cc(340)] could not read dos header from C:\Program Files (x86)\Google\Chrome\Application\85.0.4183.102\chrome_elf.dll
[0922/120929.066:ERROR:process_memory_win.cc(73)] ReadMemory at 0x7ff863c00000 of 64 bytes failed: Запрос ReadProcessMemory или WriteProcessMemory был выполнен только частично. (0x12B)
[0922/120929.066:WARNING:pe_image_reader.cc(340)] could not read dos header from C:\WINDOWS\SYSTEM32\VERSION.dll
[0922/120929.066:ERROR:process_memory_win.cc(73)] ReadMemory at 0x7ff86fff0000 of 64 bytes failed: Запрос ReadProcessMemory или WriteProcessMemory был выполнен только частично. (0x12B)
[0922/120929.067:WARNING:pe_image_reader.cc(340)] could not read dos header from C:\WINDOWS\System32\msvcrt.dll
[0922/120929.067:ERROR:process_memory_win.cc(73)] ReadMemory at 0x7ff86f770000 of 64 bytes failed: Запрос ReadProcessMemory или WriteProcessMemory был выполнен только частично. (0x12B)
[0922/120929.067:WARNING:pe_image_reader.cc(340)] could not read dos header from C:\WINDOWS\System32\bcryptPrimitives.dll
[0922/120929.067:ERROR:process_memory_win.cc(73)] ReadMemory at 0x7ff870090000 of 64 bytes failed: Запрос ReadProcessMemory или WriteProcessMemory был выполнен только частично. (0x12B)
[0922/120929.067:WARNING:pe_image_reader.cc(340)] could not read dos header from C:\WINDOWS\System32\ADVAPI32.dll
[0922/120929.067:ERROR:process_memory_win.cc(73)] ReadMemory at 0x7ff871810000 of 64 bytes failed: Запрос ReadProcessMemory или WriteProcessMemory был выполнен только частично. (0x12B)
[0922/120929.067:WARNING:pe_image_reader.cc(340)] could not read dos header from C:\WINDOWS\System32\sechost.dll
[0922/120929.067:ERROR:process_memory_win.cc(73)] ReadMemory at 0x7ff870510000 of 64 bytes failed: Запрос ReadProcessMemory или WriteProcessMemory был выполнен только частично. (0x12B)
[0922/120929.067:WARNING:pe_image_reader.cc(340)] could not read dos header from C:\WINDOWS\System32\RPCRT4.dll
[0922/120929.067:ERROR:process_memory_win.cc(73)] ReadMemory at 0x7ffff21e0000 of 64 bytes failed: Запрос ReadProcessMemory или WriteProcessMemory был выполнен только частично. (0x12B)
[0922/120929.067:WARNING:pe_image_reader.cc(340)] could not read dos header from C:\Program Files (x86)\Google\Chrome\Application\85.0.4183.102\chrome.dll
[0922/120929.067:ERROR:process_memory_win.cc(73)] ReadMemory at 0x7ff8711b0000 of 64 bytes failed: Запрос ReadProcessMemory или WriteProcessMemory был выполнен только частично. (0x12B)
[0922/120929.067:WARNING:pe_image_reader.cc(340)] could not read dos header from C:\WINDOWS\System32\WS2_32.dll
[0922/120929.067:ERROR:process_memory_win.cc(73)] ReadMemory at 0x7ff8703a0000 of 64 bytes failed: Запрос ReadProcessMemory или WriteProcessMemory был выполнен только частично. (0x12B)
[0922/120929.067:WARNING:pe_image_reader.cc(340)] could not read dos header from C:\WINDOWS\System32\OLEAUT32.dll
[0922/120929.067:ERROR:process_memory_win.cc(73)] ReadMemory at 0x7ff86ee70000 of 64 bytes failed: Запрос ReadProcessMemory или WriteProcessMemory был выполнен только частично. (0x12B)
[0922/120929.067:WARNING:pe_image_reader.cc(340)] could not read dos header from C:\WINDOWS\System32\msvcp_win.dll
[0922/120929.067:ERROR:process_memory_win.cc(73)] ReadMemory at 0x7ff86fe90000 of 64 bytes failed: Запрос ReadProcessMemory или WriteProcessMemory был выполнен только частично. (0x12B)
[0922/120929.067:WARNING:pe_image_reader.cc(340)] could not read dos header from C:\WINDOWS\System32\ucrtbase.dll
[0922/120929.067:ERROR:process_memory_win.cc(73)] ReadMemory at 0x7ff8714b0000 of 64 bytes failed: Запрос ReadProcessMemory или WriteProcessMemory был выполнен только частично. (0x12B)
[0922/120929.067:WARNING:pe_image_reader.cc(340)] could not read dos header from C:\WINDOWS\System32\combase.dll
[0922/120929.067:ERROR:process_memory_win.cc(73)] ReadMemory at 0x7ff86fc70000 of 64 bytes failed: Запрос ReadProcessMemory или WriteProcessMemory был выполнен только частично. (0x12B)
[0922/120929.067:WARNING:pe_image_reader.cc(340)] could not read dos header from C:\WINDOWS\System32\WINTRUST.dll
[0922/120929.067:ERROR:process_memory_win.cc(73)] ReadMemory at 0x7ff86edb0000 of 64 bytes failed: Запрос ReadProcessMemory или WriteProcessMemory был выполнен только частично. (0x12B)
[0922/120929.067:WARNING:pe_image_reader.cc(340)] could not read dos header from C:\WINDOWS\System32\MSASN1.dll
[0922/120929.067:ERROR:process_memory_win.cc(73)] ReadMemory at 0x7ff86fcd0000 of 64 bytes failed: Запрос ReadProcessMemory или WriteProcessMemory был выполнен только частично. (0x12B)
[0922/120929.067:WARNING:pe_image_reader.cc(340)] could not read dos header from C:\WINDOWS\System32\CRYPT32.dll
[0922/120929.067:ERROR:process_memory_win.cc(73)] ReadMemory at 0x7ff86e300000 of 64 bytes failed: Запрос ReadProcessMemory или WriteProcessMemory был выполнен только частично. (0x12B)
[0922/120929.067:WARNING:pe_image_reader.cc(340)] could not read dos header from C:\WINDOWS\SYSTEM32\IPHLPAPI.DLL
[0922/120929.067:ERROR:process_memory_win.cc(73)] ReadMemory at 0x7ff86b790000 of 64 bytes failed: Запрос ReadProcessMemory или WriteProcessMemory был выполнен только частично. (0x12B)
[0922/120929.067:WARNING:pe_image_reader.cc(340)] could not read dos header from C:\WINDOWS\SYSTEM32\WINMM.dll
[0922/120929.068:ERROR:process_memory_win.cc(73)] ReadMemory at 0x7ff847f20000 of 64 bytes failed: Запрос ReadProcessMemory или WriteProcessMemory был выполнен только частично. (0x12B)
[0922/120929.068:WARNING:pe_image_reader.cc(340)] could not read dos header from C:\WINDOWS\SYSTEM32\UIAutomationCore.DLL
[0922/120929.068:ERROR:process_memory_win.cc(73)] ReadMemory at 0x7ff8596a0000 of 64 bytes failed: Запрос ReadProcessMemory или WriteProcessMemory был выполнен только частично. (0x12B)
[0922/120929.068:WARNING:pe_image_reader.cc(340)] could not read dos header from C:\WINDOWS\SYSTEM32\Secur32.dll
[0922/120929.068:ERROR:process_memory_win.cc(73)] ReadMemory at 0x7ff86ecc0000 of 64 bytes failed: Запрос ReadProcessMemory или WriteProcessMemory был выполнен только частично. (0x12B)
[0922/120929.068:WARNING:pe_image_reader.cc(340)] could not read dos header from C:\WINDOWS\SYSTEM32\USERENV.dll
[0922/120929.068:ERROR:process_memory_win.cc(73)] ReadMemory at 0x7ff86edd0000 of 64 bytes failed: Запрос ReadProcessMemory или WriteProcessMemory был выполнен только частично. (0x12B)
[0922/120929.068:WARNING:pe_image_reader.cc(340)] could not read dos header from C:\WINDOWS\System32\profapi.dll
[0922/120929.068:ERROR:process_memory_win.cc(73)] ReadMemory at 0x7ff84d250000 of 64 bytes failed: Запрос ReadProcessMemory или WriteProcessMemory был выполнен только частично. (0x12B)
[0922/120929.068:WARNING:pe_image_reader.cc(340)] could not read dos header from C:\WINDOWS\SYSTEM32\DWrite.dll
[0922/120929.068:ERROR:process_memory_win.cc(73)] ReadMemory at 0x7ff861a60000 of 64 bytes failed: Запрос ReadProcessMemory или WriteProcessMemory был выполнен только частично. (0x12B)
[0922/120929.068:WARNING:pe_image_reader.cc(340)] could not read dos header from C:\WINDOWS\SYSTEM32\WINSPOOL.DRV
[0922/120929.068:ERROR:process_memory_win.cc(73)] ReadMemory at 0x7ff86ee00000 of 64 bytes failed: Запрос ReadProcessMemory или WriteProcessMemory был выполнен только частично. (0x12B)
[0922/120929.068:WARNING:pe_image_reader.cc(340)] could not read dos header from C:\WINDOWS\System32\kernel.appcore.dll
[0922/120929.068:ERROR:process_memory_win.cc(73)] ReadMemory at 0x7ff86fc40000 of 64 bytes failed: Запрос ReadProcessMemory или WriteProcessMemory был выполнен только частично. (0x12B)
[0922/120929.068:WARNING:pe_image_reader.cc(340)] could not read dos header from C:\WINDOWS\System32\bcrypt.dll
[0922/120929.068:ERROR:process_memory_win.cc(73)] ReadMemory at 0x7ff8594a0000 of 64 bytes failed: Запрос ReadProcessMemory или WriteProcessMemory был выполнен только частично. (0x12B)
[0922/120929.068:WARNING:pe_image_reader.cc(340)] could not read dos header from C:\WINDOWS\SYSTEM32\dbghelp.dll
[0922/120929.068:ERROR:process_memory_win.cc(73)] ReadMemory at 0x7ff8639f0000 of 64 bytes failed: Запрос ReadProcessMemory или WriteProcessMemory был выполнен только частично. (0x12B)
[0922/120929.068:WARNING:pe_image_reader.cc(340)] could not read dos header from C:\WINDOWS\SYSTEM32\WINHTTP.dll
[0922/120929.068:ERROR:process_memory_win.cc(73)] ReadMemory at 0x7ff863940000 of 64 bytes failed: Запрос ReadProcessMemory или WriteProcessMemory был выполнен только частично. (0x12B)
[0922/120929.068:WARNING:pe_image_reader.cc(340)] could not read dos header from C:\WINDOWS\SYSTEM32\dhcpcsvc.DLL
[0922/120929.068:ERROR:process_memory_win.cc(73)] ReadMemory at 0x7ff8711a0000 of 64 bytes failed: Запрос ReadProcessMemory или WriteProcessMemory был выполнен только частично. (0x12B)
[0922/120929.068:WARNING:pe_image_reader.cc(340)] could not read dos header from C:\WINDOWS\System32\NSI.dll
[0922/120929.068:ERROR:process_memory_win.cc(73)] ReadMemory at 0x7ff86b760000 of 64 bytes failed: Запрос ReadProcessMemory или WriteProcessMemory был выполнен только частично. (0x12B)
[0922/120929.068:WARNING:pe_image_reader.cc(340)] could not read dos header from C:\WINDOWS\SYSTEM32\WINMMBASE.dll
[0922/120929.068:ERROR:process_memory_win.cc(73)] ReadMemory at 0x7ff86fe20000 of 64 bytes failed: Запрос ReadProcessMemory или WriteProcessMemory был выполнен только частично. (0x12B)
[0922/120929.068:WARNING:pe_image_reader.cc(340)] could not read dos header from C:\WINDOWS\System32\cfgmgr32.dll
[0922/120929.068:ERROR:process_memory_win.cc(73)] ReadMemory at 0x7ff86b490000 of 64 bytes failed: Запрос ReadProcessMemory или WriteProcessMemory был выполнен только частично. (0x12B)
[0922/120929.068:WARNING:pe_image_reader.cc(340)] could not read dos header from C:\WINDOWS\SYSTEM32\PROPSYS.dll
[0922/120929.068:ERROR:process_memory_win.cc(73)] ReadMemory at 0x7ff871df0000 of 64 bytes failed: Запрос ReadProcessMemory или WriteProcessMemory был выполнен только частично. (0x12B)
[0922/120929.068:WARNING:pe_image_reader.cc(340)] could not read dos header from C:\WINDOWS\System32\shcore.dll
[0922/120929.068:ERROR:process_memory_win.cc(73)] ReadMemory at 0x7ff86ec80000 of 64 bytes failed: Запрос ReadProcessMemory или WriteProcessMemory был выполнен только частично. (0x12B)
[0922/120929.069:WARNING:pe_image_reader.cc(340)] could not read dos header from C:\WINDOWS\SYSTEM32\SSPICLI.DLL
[0922/120929.069:ERROR:process_memory_win.cc(73)] ReadMemory at 0x7ff86e7c0000 of 64 bytes failed: Запрос ReadProcessMemory или WriteProcessMemory был выполнен только частично. (0x12B)
[0922/120929.069:WARNING:pe_image_reader.cc(340)] could not read dos header from C:\WINDOWS\SYSTEM32\CRYPTBASE.DLL
[0922/120929.075:ERROR:process_memory_win.cc(73)] ReadMemory at 0x9dd6ff9000 of 28672 bytes failed: Запрос ReadProcessMemory или WriteProcessMemory был выполнен только частично. (0x12B)
[0922/120929.075:ERROR:process_memory_win.cc(73)] ReadMemory at 0x9dd77fd000 of 12288 bytes failed: Запрос ReadProcessMemory или WriteProcessMemory был выполнен только частично. (0x12B)
[0922/120929.075:ERROR:process_memory_win.cc(73)] ReadMemory at 0x9dd7ffd000 of 12288 bytes failed: Запрос ReadProcessMemory или WriteProcessMemory был выполнен только частично. (0x12B)
[0922/120929.075:ERROR:process_memory_win.cc(73)] ReadMemory at 0x9dd87fd000 of 12288 bytes failed: Запрос ReadProcessMemory или WriteProcessMemory был выполнен только частично. (0x12B)
[0922/120929.075:ERROR:process_memory_win.cc(73)] ReadMemory at 0x9dd8ffc000 of 16384 bytes failed: Запрос ReadProcessMemory или WriteProcessMemory был выполнен только частично. (0x12B)
[0922/120929.075:ERROR:process_memory_win.cc(73)] ReadMemory at 0x9dd97fe000 of 8192 bytes failed: Запрос ReadProcessMemory или WriteProcessMemory был выполнен только частично. (0x12B)
[0922/120929.075:ERROR:process_memory_win.cc(73)] ReadMemory at 0x9dd9ffd000 of 12288 bytes failed: Запрос ReadProcessMemory или WriteProcessMemory был выполнен только частично. (0x12B)
[0922/120929.075:ERROR:process_memory_win.cc(73)] ReadMemory at 0x9dda7fc000 of 16384 bytes failed: Запрос ReadProcessMemory или WriteProcessMemory был выполнен только частично. (0x12B)
[0922/120929.075:ERROR:process_memory_win.cc(73)] ReadMemory at 0x9ddaffd000 of 12288 bytes failed: Запрос ReadProcessMemory или WriteProcessMemory был выполнен только частично. (0x12B)
[0922/120929.075:ERROR:process_memory_win.cc(73)] ReadMemory at 0x9ddb7fd000 of 12288 bytes failed: Запрос ReadProcessMemory или WriteProcessMemory был выполнен только частично. (0x12B)
[0922/120929.075:ERROR:process_memory_win.cc(73)] ReadMemory at 0x9ddbffd000 of 12288 bytes failed: Запрос ReadProcessMemory или WriteProcessMemory был выполнен только частично. (0x12B)
[0922/120929.075:ERROR:process_memory_win.cc(73)] ReadMemory at 0x9ddc7fd000 of 12288 bytes failed: Запрос ReadProcessMemory или WriteProcessMemory был выполнен только частично. (0x12B)
[0922/120929.075:ERROR:process_memory_win.cc(73)] ReadMemory at 0x9ddcffd000 of 12288 bytes failed: Запрос ReadProcessMemory или WriteProcessMemory был выполнен только частично. (0x12B)
[0922/120929.075:ERROR:process_memory_win.cc(73)] ReadMemory at 0x9ddd7fd000 of 12288 bytes failed: Запрос ReadProcessMemory или WriteProcessMemory был выполнен только частично. (0x12B)
[0922/120929.075:ERROR:process_memory_win.cc(73)] ReadMemory at 0x9dd6775000 of 852 bytes failed: Запрос ReadProcessMemory или WriteProcessMemory был выполнен только частично. (0x12B)
[0922/120929.075:ERROR:process_memory_win.cc(73)] ReadMemory at 0x9dd6776000 of 6024 bytes failed: Запрос ReadProcessMemory или WriteProcessMemory был выполнен только частично. (0x12B)
[0922/120929.075:ERROR:process_memory_win.cc(73)] ReadMemory at 0x9dd6778000 of 6024 bytes failed: Запрос ReadProcessMemory или WriteProcessMemory был выполнен только частично. (0x12B)
[0922/120929.075:ERROR:process_memory_win.cc(73)] ReadMemory at 0x9dd677a000 of 6024 bytes failed: Запрос ReadProcessMemory или WriteProcessMemory был выполнен только частично. (0x12B)
[0922/120929.075:ERROR:process_memory_win.cc(73)] ReadMemory at 0x9dd677c000 of 6024 bytes failed: Запрос ReadProcessMemory или WriteProcessMemory был выполнен только частично. (0x12B)
[0922/120929.075:ERROR:process_memory_win.cc(73)] ReadMemory at 0x9dd677e000 of 6024 bytes failed: Запрос ReadProcessMemory или WriteProcessMemory был выполнен только частично. (0x12B)
[0922/120929.075:ERROR:process_memory_win.cc(73)] ReadMemory at 0x9dd6780000 of 6024 bytes failed: Запрос ReadProcessMemory или WriteProcessMemory был выполнен только частично. (0x12B)
[0922/120929.075:ERROR:process_memory_win.cc(73)] ReadMemory at 0x9dd6782000 of 6024 bytes failed: Запрос ReadProcessMemory или WriteProcessMemory был выполнен только частично. (0x12B)
[0922/120929.075:ERROR:process_memory_win.cc(73)] ReadMemory at 0x9dd6784000 of 6024 bytes failed: Запрос ReadProcessMemory или WriteProcessMemory был выполнен только частично. (0x12B)
[0922/120929.075:ERROR:process_memory_win.cc(73)] ReadMemory at 0x9dd6786000 of 6024 bytes failed: Запрос ReadProcessMemory или WriteProcessMemory был выполнен только частично. (0x12B)
[0922/120929.075:ERROR:process_memory_win.cc(73)] ReadMemory at 0x9dd6788000 of 6024 bytes failed: Запрос ReadProcessMemory или WriteProcessMemory был выполнен только частично. (0x12B)
[0922/120929.075:ERROR:process_memory_win.cc(73)] ReadMemory at 0x9dd678a000 of 6024 bytes failed: Запрос ReadProcessMemory или WriteProcessMemory был выполнен только частично. (0x12B)
[0922/120929.075:ERROR:process_memory_win.cc(73)] ReadMemory at 0x9dd678c000 of 6024 bytes failed: Запрос ReadProcessMemory или WriteProcessMemory был выполнен только частично. (0x12B)
[0922/120929.075:ERROR:process_memory_win.cc(73)] ReadMemory at 0x9dd678e000 of 6024 bytes failed: Запрос ReadProcessMemory или WriteProcessMemory был выполнен только частично. (0x12B)
[0922/120929.075:ERROR:process_memory_win.cc(73)] ReadMemory at 0x9dd6790000 of 6024 bytes failed: Запрос ReadProcessMemory или WriteProcessMemory был выполнен только частично. (0x12B)
[0922/120929.075:ERROR:process_memory_win.cc(73)] ReadMemory at 0x26684920fe0 of 5038 bytes failed: Запрос ReadProcessMemory или WriteProcessMemory был выполнен только частично. (0x12B)
[0922/120929.075:ERROR:process_memory_win.cc(73)] ReadMemory at 0x266849223a0 of 1012 bytes failed: Запрос ReadProcessMemory или WriteProcessMemory был выполнен только частично. (0x12B)
[0922/120929.075:ERROR:process_memory_win.cc(73)] ReadMemory at 0x266849229e8 of 118 bytes failed: Запрос ReadProcessMemory или WriteProcessMemory был выполнен только частично. (0x12B)
[0922/120929.075:ERROR:process_memory_win.cc(73)] ReadMemory at 0x26684922a60 of 748 bytes failed: Запрос ReadProcessMemory или WriteProcessMemory был выполнен только частично. (0x12B)
[0922/120929.075:ERROR:process_memory_win.cc(73)] ReadMemory at 0x26684922d4e of 118 bytes failed: Запрос ReadProcessMemory или WriteProcessMemory был выполнен только частично. (0x12B)
[0922/120929.075:ERROR:process_memory_win.cc(73)] ReadMemory at 0x26684922dc6 of 100 bytes failed: Запрос ReadProcessMemory или WriteProcessMemory был выполнен только частично. (0x12B)
[0922/120929.075:ERROR:process_memory_win.cc(73)] ReadMemory at 0x26684922e40 of 58 bytes failed: Запрос ReadProcessMemory или WriteProcessMemory был выполнен только частично. (0x12B)
[0922/120929.081:ERROR:process_memory_win.cc(73)] ReadMemory at 0x26684922f40 of 132 bytes failed: Запрос ReadProcessMemory или WriteProcessMemory был выполнен только частично. (0x12B)
[0922/120929.081:ERROR:process_memory_win.cc(73)] ReadMemory at 0x266849230d0 of 132 bytes failed: Запрос ReadProcessMemory или WriteProcessMemory был выполнен только частично. (0x12B)
[0922/120929.081:ERROR:process_memory_win.cc(73)] ReadMemory at 0x26684923290 of 126 bytes failed: Запрос ReadProcessMemory или WriteProcessMemory был выполнен только частично. (0x12B)
[0922/120929.082:ERROR:process_memory_win.cc(73)] ReadMemory at 0x26684923670 of 132 bytes failed: Запрос ReadProcessMemory или WriteProcessMemory был выполнен только частично. (0x12B)
[0922/120929.082:ERROR:process_memory_win.cc(73)] ReadMemory at 0x26684923800 of 64 bytes failed: Запрос ReadProcessMemory или WriteProcessMemory был выполнен только частично. (0x12B)
[0922/120929.082:ERROR:process_memory_win.cc(73)] ReadMemory at 0x26684923850 of 132 bytes failed: Запрос ReadProcessMemory или WriteProcessMemory был выполнен только частично. (0x12B)
[0922/120929.082:ERROR:process_memory_win.cc(73)] ReadMemory at 0x26684923a60 of 154 bytes failed: Запрос ReadProcessMemory или WriteProcessMemory был выполнен только частично. (0x12B)
[0922/120929.082:ERROR:process_memory_win.cc(73)] ReadMemory at 0x26684923c60 of 132 bytes failed: Запрос ReadProcessMemory или WriteProcessMemory был выполнен только частично. (0x12B)
[0922/120929.082:ERROR:process_memory_win.cc(73)] ReadMemory at 0x26684923df0 of 68 bytes failed: Запрос ReadProcessMemory или WriteProcessMemory был выполнен только частично. (0x12B)
[0922/120929.082:ERROR:process_memory_win.cc(73)] ReadMemory at 0x26684924fd0 of 132 bytes failed: Запрос ReadProcessMemory или WriteProcessMemory был выполнен только частично. (0x12B)
[0922/120929.082:ERROR:process_memory_win.cc(73)] ReadMemory at 0x26684925eb0 of 62 bytes failed: Запрос ReadProcessMemory или WriteProcessMemory был выполнен только частично. (0x12B)
[0922/120929.082:ERROR:process_memory_win.cc(73)] ReadMemory at 0x266849260a0 of 132 bytes failed: Запрос ReadProcessMemory или WriteProcessMemory был выполнен только частично. (0x12B)
[0922/120929.082:ERROR:process_memory_win.cc(73)] ReadMemory at 0x266849261d0 of 60 bytes failed: Запрос ReadProcessMemory или WriteProcessMemory был выполнен только частично. (0x12B)
[0922/120929.082:ERROR:process_memory_win.cc(73)] ReadMemory at 0x2668492ad40 of 80 bytes failed: Запрос ReadProcessMemory или WriteProcessMemory был выполнен только частично. (0x12B)
[0922/120929.082:ERROR:process_memory_win.cc(73)] ReadMemory at 0x2668492afe0 of 80 bytes failed: Запрос ReadProcessMemory или WriteProcessMemory был выполнен только частично. (0x12B)
[0922/120929.082:ERROR:process_memory_win.cc(73)] ReadMemory at 0x2668492e2c0 of 54 bytes failed: Запрос ReadProcessMemory или WriteProcessMemory был выполнен только частично. (0x12B)
[0922/120929.083:ERROR:process_memory_win.cc(73)] ReadMemory at 0x2668492ea10 of 64 bytes failed: Запрос ReadProcessMemory или WriteProcessMemory был выполнен только частично. (0x12B)
[0922/120929.083:ERROR:process_memory_win.cc(73)] ReadMemory at 0x2668492eb50 of 60 bytes failed: Запрос ReadProcessMemory или WriteProcessMemory был выполнен только частично. (0x12B)
[0922/120929.083:ERROR:process_memory_win.cc(73)] ReadMemory at 0x2668492ef10 of 62 bytes failed: Запрос ReadProcessMemory или WriteProcessMemory был выполнен только частично. (0x12B)
[0922/120929.083:ERROR:process_memory_win.cc(73)] ReadMemory at 0x2668492f05c of 512 bytes failed: Запрос ReadProcessMemory или WriteProcessMemory был выполнен только частично. (0x12B)
[0922/120929.083:ERROR:process_memory_win.cc(73)] ReadMemory at 0x26684932b40 of 132 bytes failed: Запрос ReadProcessMemory или WriteProcessMemory был выполнен только частично. (0x12B)
[0922/120929.083:ERROR:process_memory_win.cc(73)] ReadMemory at 0x26684933e90 of 132 bytes failed: Запрос ReadProcessMemory или WriteProcessMemory был выполнен только частично. (0x12B)
[0922/120929.083:ERROR:process_memory_win.cc(73)] ReadMemory at 0x26684936000 of 132 bytes failed: Запрос ReadProcessMemory или WriteProcessMemory был выполнен только частично. (0x12B)
[0922/120929.083:ERROR:process_memory_win.cc(73)] ReadMemory at 0x26684936210 of 132 bytes failed: Запрос ReadProcessMemory или WriteProcessMemory был выполнен только частично. (0x12B)
[0922/120929.083:ERROR:process_memory_win.cc(73)] ReadMemory at 0x26684936540 of 132 bytes failed: Запрос ReadProcessMemory или WriteProcessMemory был выполнен только частично. (0x12B)
[0922/120929.083:ERROR:process_memory_win.cc(73)] ReadMemory at 0x26684936670 of 132 bytes failed: Запрос ReadProcessMemory или WriteProcessMemory был выполнен только частично. (0x12B)
[0922/120929.083:ERROR:process_memory_win.cc(73)] ReadMemory at 0x266849367a0 of 132 bytes failed: Запрос ReadProcessMemory или WriteProcessMemory был выполнен только частично. (0x12B)
[0922/120929.083:ERROR:process_memory_win.cc(73)] ReadMemory at 0x26684936a00 of 132 bytes failed: Запрос ReadProcessMemory или WriteProcessMemory был выполнен только частично. (0x12B)
[0922/120929.083:ERROR:process_memory_win.cc(73)] ReadMemory at 0x26684936b30 of 132 bytes failed: Запрос ReadProcessMemory или WriteProcessMemory был выполнен только частично. (0x12B)
[0922/120929.083:ERROR:process_memory_win.cc(73)] ReadMemory at 0x26684936c60 of 132 bytes failed: Запрос ReadProcessMemory или WriteProcessMemory был выполнен только частично. (0x12B)
[0922/120929.083:ERROR:process_memory_win.cc(73)] ReadMemory at 0x26684936d90 of 132 bytes failed: Запрос ReadProcessMemory или WriteProcessMemory был выполнен только частично. (0x12B)
[0922/120929.083:ERROR:process_memory_win.cc(73)] ReadMemory at 0x26684936ec0 of 132 bytes failed: Запрос ReadProcessMemory или WriteProcessMemory был выполнен только частично. (0x12B)
[0922/120929.083:ERROR:process_memory_win.cc(73)] ReadMemory at 0x26684936ff0 of 132 bytes failed: Запрос ReadProcessMemory или WriteProcessMemory был выполнен только частично. (0x12B)
[0922/120929.083:ERROR:process_memory_win.cc(73)] ReadMemory at 0x26684937120 of 132 bytes failed: Запрос ReadProcessMemory или WriteProcessMemory был выполнен только частично. (0x12B)
[0922/120929.083:ERROR:process_memory_win.cc(73)] ReadMemory at 0x26684937250 of 132 bytes failed: Запрос ReadProcessMemory или WriteProcessMemory был выполнен только частично. (0x12B)
[0922/120929.083:ERROR:process_memory_win.cc(73)] ReadMemory at 0x26684937380 of 132 bytes failed: Запрос ReadProcessMemory или WriteProcessMemory был выполнен только частично. (0x12B)
[0922/120929.083:ERROR:process_memory_win.cc(73)] ReadMemory at 0x266849383a0 of 146 bytes failed: Запрос ReadProcessMemory или WriteProcessMemory был выполнен только частично. (0x12B)
[0922/120929.083:ERROR:process_memory_win.cc(73)] ReadMemory at 0x26684938b70 of 132 bytes failed: Запрос ReadProcessMemory или WriteProcessMemory был выполнен только частично. (0x12B)
[0922/120929.083:ERROR:process_memory_win.cc(73)] ReadMemory at 0x26684938ca0 of 132 bytes failed: Запрос ReadProcessMemory или WriteProcessMemory был выполнен только частично. (0x12B)
[0922/120929.083:ERROR:process_memory_win.cc(73)] ReadMemory at 0x2668493a150 of 132 bytes failed: Запрос ReadProcessMemory или WriteProcessMemory был выполнен только частично. (0x12B)
[0922/120929.083:ERROR:process_memory_win.cc(73)] ReadMemory at 0x2668493a370 of 132 bytes failed: Запрос ReadProcessMemory или WriteProcessMemory был выполнен только частично. (0x12B)
[0922/120929.083:ERROR:process_memory_win.cc(73)] ReadMemory at 0x2668493a590 of 132 bytes failed: Запрос ReadProcessMemory или WriteProcessMemory был выполнен только частично. (0x12B)
[0922/120929.083:ERROR:process_memory_win.cc(73)] ReadMemory at 0x2668493c880 of 64 bytes failed: Запрос ReadProcessMemory или WriteProcessMemory был выполнен только частично. (0x12B)
[0922/120929.083:ERROR:process_memory_win.cc(73)] ReadMemory at 0x2668493ca10 of 66 bytes failed: Запрос ReadProcessMemory или WriteProcessMemory был выполнен только частично. (0x12B)
[0922/120929.083:ERROR:process_memory_win.cc(73)] ReadMemory at 0x2668493ca60 of 62 bytes failed: Запрос ReadProcessMemory или WriteProcessMemory был выполнен только частично. (0x12B)
[0922/120929.083:ERROR:process_memory_win.cc(73)] ReadMemory at 0x2668493cb00 of 60 bytes failed: Запрос ReadProcessMemory или WriteProcessMemory был выполнен только частично. (0x12B)
[0922/120929.083:ERROR:process_memory_win.cc(73)] ReadMemory at 0x2668493cba0 of 62 bytes failed: Запрос ReadProcessMemory или WriteProcessMemory был выполнен только частично. (0x12B)
[0922/120929.083:ERROR:process_memory_win.cc(73)] ReadMemory at 0x2668493cc90 of 64 bytes failed: Запрос ReadProcessMemory или WriteProcessMemory был выполнен только частично. (0x12B)
[0922/120929.083:ERROR:process_memory_win.cc(73)] ReadMemory at 0x2668493cce0 of 62 bytes failed: Запрос ReadProcessMemory или WriteProcessMemory был выполнен только частично. (0x12B)
[0922/120929.083:ERROR:process_memory_win.cc(73)] ReadMemory at 0x2668493cd30 of 64 bytes failed: Запрос ReadProcessMemory или WriteProcessMemory был выполнен только частично. (0x12B)
[0922/120929.083:ERROR:process_memory_win.cc(73)] ReadMemory at 0x2668493cdd0 of 60 bytes failed: Запрос ReadProcessMemory или WriteProcessMemory был выполнен только частично. (0x12B)
[0922/120929.083:ERROR:process_memory_win.cc(73)] ReadMemory at 0x2668493ce20 of 62 bytes failed: Запрос ReadProcessMemory или WriteProcessMemory был выполнен только частично. (0x12B)
[0922/120929.083:ERROR:process_memory_win.cc(73)] ReadMemory at 0x2668493cec0 of 62 bytes failed: Запрос ReadProcessMemory или WriteProcessMemory был выполнен только частично. (0x12B)
[0922/120929.083:ERROR:process_memory_win.cc(73)] ReadMemory at 0x2668493cf10 of 60 bytes failed: Запрос ReadProcessMemory или WriteProcessMemory был выполнен только частично. (0x12B)
[0922/120929.083:ERROR:process_memory_win.cc(73)] ReadMemory at 0x2668493cf60 of 58 bytes failed: Запрос ReadProcessMemory или WriteProcessMemory был выполнен только частично. (0x12B)
[0922/120929.083:ERROR:process_memory_win.cc(73)] ReadMemory at 0x2668493d050 of 64 bytes failed: Запрос ReadProcessMemory или WriteProcessMemory был выполнен только частично. (0x12B)
[0922/120929.083:ERROR:process_memory_win.cc(73)] ReadMemory at 0x2668493d0a0 of 62 bytes failed: Запрос ReadProcessMemory или WriteProcessMemory был выполнен только частично. (0x12B)
[0922/120929.083:ERROR:process_memory_win.cc(73)] ReadMemory at 0x2668493d1e0 of 60 bytes failed: Запрос ReadProcessMemory или WriteProcessMemory был выполнен только частично. (0x12B)
[0922/120929.083:ERROR:process_memory_win.cc(73)] ReadMemory at 0x2668493d280 of 60 bytes failed: Запрос ReadProcessMemory или WriteProcessMemory был выполнен только частично. (0x12B)
[0922/120929.083:ERROR:process_memory_win.cc(73)] ReadMemory at 0x2668493d2d0 of 64 bytes failed: Запрос ReadProcessMemory или WriteProcessMemory был выполнен только частично. (0x12B)
[0922/120929.083:ERROR:process_memory_win.cc(73)] ReadMemory at 0x2668493d460 of 66 bytes failed: Запрос ReadProcessMemory или WriteProcessMemory был выполнен только частично. (0x12B)
[0922/120929.083:ERROR:process_memory_win.cc(73)] ReadMemory at 0x2668493d500 of 64 bytes failed: Запрос ReadProcessMemory или WriteProcessMemory был выполнен только частично. (0x12B)
[0922/120929.083:ERROR:process_memory_win.cc(73)] ReadMemory at 0x2668493d5a0 of 64 bytes failed: Запрос ReadProcessMemory или WriteProcessMemory был выполнен только частично. (0x12B)
[0922/120929.083:ERROR:process_memory_win.cc(73)] ReadMemory at 0x2668493d5f0 of 62 bytes failed: Запрос ReadProcessMemory или WriteProcessMemory был выполнен только частично. (0x12B)
[0922/120929.083:ERROR:process_memory_win.cc(73)] ReadMemory at 0x2668493d690 of 62 bytes failed: Запрос ReadProcessMemory или WriteProcessMemory был выполнен только частично. (0x12B)
[0922/120929.083:ERROR:process_memory_win.cc(73)] ReadMemory at 0x2668493d7d0 of 62 bytes failed: Запрос ReadProcessMemory или WriteProcessMemory был выполнен только частично. (0x12B)
[0922/120929.083:ERROR:process_memory_win.cc(73)] ReadMemory at 0x2668493fa80 of 132 bytes failed: Запрос ReadProcessMemory или WriteProcessMemory был выполнен только частично. (0x12B)
[0922/120929.083:ERROR:process_memory_win.cc(73)] ReadMemory at 0x26684941150 of 132 bytes failed: Запрос ReadProcessMemory или WriteProcessMemory был выполнен только частично. (0x12B)
[0922/120929.083:ERROR:process_memory_win.cc(73)] ReadMemory at 0x26684941280 of 132 bytes failed: Запрос ReadProcessMemory или WriteProcessMemory был выполнен только частично. (0x12B)
[0922/120929.083:ERROR:process_memory_win.cc(73)] ReadMemory at 0x266849413b0 of 132 bytes failed: Запрос ReadProcessMemory или WriteProcessMemory был выполнен только частично. (0x12B)
[0922/120929.083:ERROR:process_memory_win.cc(73)] ReadMemory at 0x26684941610 of 132 bytes failed: Запрос ReadProcessMemory или WriteProcessMemory был выполнен только частично. (0x12B)
[0922/120929.083:ERROR:process_memory_win.cc(73)] ReadMemory at 0x266849419a0 of 132 bytes failed: Запрос ReadProcessMemory или WriteProcessMemory был выполнен только частично. (0x12B)
[0922/120929.083:ERROR:process_memory_win.cc(73)] ReadMemory at 0x26684941c00 of 132 bytes failed: Запрос ReadProcessMemory или WriteProcessMemory был выполнен только частично. (0x12B)
[0922/120929.083:ERROR:process_memory_win.cc(73)] ReadMemory at 0x26684941d30 of 132 bytes failed: Запрос ReadProcessMemory или WriteProcessMemory был выполнен только частично. (0x12B)
[0922/120929.083:ERROR:process_memory_win.cc(73)] ReadMemory at 0x26684941e60 of 132 bytes failed: Запрос ReadProcessMemory или WriteProcessMemory был выполнен только частично. (0x12B)
[0922/120929.083:ERROR:process_memory_win.cc(73)] ReadMemory at 0x266849421f0 of 132 bytes failed: Запрос ReadProcessMemory или WriteProcessMemory был выполнен только частично. (0x12B)
[0922/120929.083:ERROR:process_memory_win.cc(73)] ReadMemory at 0x26684942320 of 132 bytes failed: Запрос ReadProcessMemory или WriteProcessMemory был выполнен только частично. (0x12B)
[0922/120929.083:ERROR:process_memory_win.cc(73)] ReadMemory at 0x26684944000 of 76 bytes failed: Запрос ReadProcessMemory или WriteProcessMemory был выполнен только частично. (0x12B)
[0922/120929.083:ERROR:process_memory_win.cc(73)] ReadMemory at 0x26684945f20 of 512 bytes failed: Запрос ReadProcessMemory или WriteProcessMemory был выполнен только частично. (0x12B)
[0922/120929.083:ERROR:process_memory_win.cc(73)] ReadMemory at 0x266849547c0 of 512 bytes failed: Запрос ReadProcessMemory или WriteProcessMemory был выполнен только частично. (0x12B)
[0922/120929.083:ERROR:process_memory_win.cc(73)] ReadMemory at 0x26684989f90 of 512 bytes failed: Запрос ReadProcessMemory или WriteProcessMemory был выполнен только частично. (0x12B)
[0922/120929.083:ERROR:process_memory_win.cc(73)] ReadMemory at 0x2668498a590 of 512 bytes failed: Запрос ReadProcessMemory или WriteProcessMemory был выполнен только частично. (0x12B)
[0922/120929.083:ERROR:process_memory_win.cc(73)] ReadMemory at 0x26684999c10 of 512 bytes failed: Запрос ReadProcessMemory или WriteProcessMemory был выполнен только частично. (0x12B)
[0922/120929.083:ERROR:process_memory_win.cc(73)] ReadMemory at 0x2668499d2d0 of 512 bytes failed: Запрос ReadProcessMemory или WriteProcessMemory был выполнен только частично. (0x12B)
[0922/120929.083:ERROR:process_memory_win.cc(73)] ReadMemory at 0x266849ab1b8 of 512 bytes failed: Запрос ReadProcessMemory или WriteProcessMemory был выполнен только частично. (0x12B)
[0922/120929.083:ERROR:process_memory_win.cc(73)] ReadMemory at 0x266849b2140 of 512 bytes failed: Запрос ReadProcessMemory или WriteProcessMemory был выполнен только частично. (0x12B)
[0922/120929.083:ERROR:process_memory_win.cc(73)] ReadMemory at 0x266849b7b80 of 512 bytes failed: Запрос ReadProcessMemory или WriteProcessMemory был выполнен только частично. (0x12B)
[0922/120929.083:ERROR:process_memory_win.cc(73)] ReadMemory at 0x266849cd8a0 of 512 bytes failed: Запрос ReadProcessMemory или WriteProcessMemory был выполнен только частично. (0x12B)
[0922/120929.083:ERROR:process_memory_win.cc(73)] ReadMemory at 0x266849d4910 of 712 bytes failed: Запрос ReadProcessMemory или WriteProcessMemory был выполнен только частично. (0x12B)
[0922/120929.083:ERROR:process_memory_win.cc(73)] ReadMemory at 0x266849eab54 of 624 bytes failed: Запрос ReadProcessMemory или WriteProcessMemory был выполнен только частично. (0x12B)
[0922/120929.083:ERROR:process_memory_win.cc(73)] ReadMemory at 0x266849ee650 of 512 bytes failed: Запрос ReadProcessMemory или WriteProcessMemory был выполнен только частично. (0x12B)
[0922/120929.083:ERROR:process_memory_win.cc(73)] ReadMemory at 0x26684a076b0 of 512 bytes failed: Запрос ReadProcessMemory или WriteProcessMemory был выполнен только частично. (0x12B)
[0922/120929.083:ERROR:process_memory_win.cc(73)] ReadMemory at 0x26684af0dc0 of 512 bytes failed: Запрос ReadProcessMemory или WriteProcessMemory был выполнен только частично. (0x12B)
[0922/120929.083:ERROR:process_memory_win.cc(73)] ReadMemory at 0x2668630a5c0 of 512 bytes failed: Запрос ReadProcessMemory или WriteProcessMemory был выполнен только частично. (0x12B)
[0922/120929.083:ERROR:process_memory_win.cc(73)] ReadMemory at 0x2668632df70 of 512 bytes failed: Запрос ReadProcessMemory или WriteProcessMemory был выполнен только частично. (0x12B)
[0922/120929.083:ERROR:process_memory_win.cc(73)] ReadMemory at 0x2668632e270 of 512 bytes failed: Запрос ReadProcessMemory или WriteProcessMemory был выполнен только частично. (0x12B)
[0922/120929.083:ERROR:process_memory_win.cc(73)] ReadMemory at 0x26686337d20 of 512 bytes failed: Запрос ReadProcessMemory или WriteProcessMemory был выполнен только частично. (0x12B)
[0922/120929.083:ERROR:process_memory_win.cc(73)] ReadMemory at 0x2668634e2a8 of 512 bytes failed: Запрос ReadProcessMemory или WriteProcessMemory был выполнен только частично. (0x12B)
[0922/120929.083:ERROR:process_memory_win.cc(73)] ReadMemory at 0x2668635e428 of 512 bytes failed: Запрос ReadProcessMemory или WriteProcessMemory был выполнен только частично. (0x12B)
[0922/120929.083:ERROR:process_memory_win.cc(73)] ReadMemory at 0x266864e7fe0 of 512 bytes failed: Запрос ReadProcessMemory или WriteProcessMemory был выполнен только частично. (0x12B)
[0922/120929.083:ERROR:process_memory_win.cc(73)] ReadMemory at 0x7ff86fbfd700 of 512 bytes failed: Запрос ReadProcessMemory или WriteProcessMemory был выполнен только частично. (0x12B)
[0922/120929.083:ERROR:process_memory_win.cc(73)] ReadMemory at 0x7ff871081f80 of 512 bytes failed: Запрос ReadProcessMemory или WriteProcessMemory был выполнен только частично. (0x12B)
[0922/120929.083:ERROR:process_memory_win.cc(73)] ReadMemory at 0x7ff871f7c074 of 672 bytes failed: Запрос ReadProcessMemory или WriteProcessMemory был выполнен только частично. (0x12B)
[0922/120929.083:ERROR:process_memory_win.cc(73)] ReadMemory at 0x7ff871f7c674 of 512 bytes failed: Запрос ReadProcessMemory или WriteProcessMemory был выполнен только частично. (0x12B)
[0922/120929.083:ERROR:process_memory_win.cc(73)] ReadMemory at 0x7ff871f7f924 of 608 bytes failed: Запрос ReadProcessMemory или WriteProcessMemory был выполнен только частично. (0x12B)
[0922/120929.083:ERROR:process_memory_win.cc(73)] ReadMemory at 0x7ff87200c428 of 18 bytes failed: Запрос ReadProcessMemory или WriteProcessMemory был выполнен только частично. (0x12B)
[0922/120929.083:ERROR:process_memory_win.cc(73)] ReadMemory at 0x7ff87203f4f8 of 40 bytes failed: Запрос ReadProcessMemory или WriteProcessMemory был выполнен только частично. (0x12B)
[0922/120929.083:ERROR:process_memory_win.cc(73)] ReadMemory at 0x7ff87203f978 of 48 bytes failed: Запрос ReadProcessMemory или WriteProcessMemory был выполнен только частично. (0x12B)
[0922/120929.083:ERROR:process_memory_win.cc(73)] ReadMemory at 0x7ff8720453c0 of 64 bytes failed: Запрос ReadProcessMemory или WriteProcessMemory был выполнен только частично. (0x12B)
[0922/120929.083:ERROR:process_memory_win.cc(73)] ReadMemory at 0x7ffff4f0e17d of 512 bytes failed: Запрос ReadProcessMemory или WriteProcessMemory был выполнен только частично. (0x12B)
[0922/120929.083:ERROR:process_memory_win.cc(73)] ReadMemory at 0x7ffff57b7c30 of 540 bytes failed: Запрос ReadProcessMemory или WriteProcessMemory был выполнен только частично. (0x12B)
[0922/120929.083:ERROR:process_memory_win.cc(73)] ReadMemory at 0x7ffff77784f0 of 512 bytes failed: Запрос ReadProcessMemory или WriteProcessMemory был выполнен только частично. (0x12B)
[0922/120929.083:ERROR:process_memory_win.cc(73)] ReadMemory at 0x7ffffab1a981 of 512 bytes failed: Запрос ReadProcessMemory или WriteProcessMemory был выполнен только частично. (0x12B)
[0922/120929.090:ERROR:scoped_process_suspend.cc(40)] NtResumeProcess: Попытка доступа к процессу, выполняющему процедуру завершения. (0xc000010a)
